Copyright 1986-2017 Xilinx, Inc. All Rights Reserved.
------------------------------------------------------------------------------------
| Tool Version : Vivado v.2017.4 (win64) Build 2086221 Fri Dec 15 20:55:39 MST 2017
| Date         : Sat May 27 15:39:30 2023
| Host         : LAPTOP-6KGVJPCT running 64-bit major release  (build 9200)
| Command      : report_control_sets -verbose -file top_control_sets_placed.rpt
| Design       : top
| Device       : xc7a100t
------------------------------------------------------------------------------------

Control Set Information

Table of Contents
-----------------
1. Summary
2. Flip-Flop Distribution
3. Detailed Control Set Information

1. Summary
----------

+----------------------------------------------------------+-------+
|                          Status                          | Count |
+----------------------------------------------------------+-------+
| Number of unique control sets                            |    67 |
| Unused register locations in slices containing registers |   120 |
+----------------------------------------------------------+-------+


2. Flip-Flop Distribution
-------------------------

+--------------+-----------------------+------------------------+-----------------+--------------+
| Clock Enable | Synchronous Set/Reset | Asynchronous Set/Reset | Total Registers | Total Slices |
+--------------+-----------------------+------------------------+-----------------+--------------+
| No           | No                    | No                     |              34 |           17 |
| No           | No                    | Yes                    |              13 |            7 |
| No           | Yes                   | No                     |             103 |           36 |
| Yes          | No                    | No                     |              45 |           19 |
| Yes          | No                    | Yes                    |             247 |           71 |
| Yes          | Yes                   | No                     |            1022 |          552 |
+--------------+-----------------------+------------------------+-----------------+--------------+


3. Detailed Control Set Information
-----------------------------------

+------------------------------------+--------------------------------------------------------------------------------------------------------------------+-----------------------------------------------------------------------------------------------------------------------------+------------------+----------------+
|            Clock Signal            |                                                    Enable Signal                                                   |                                                       Set/Reset Signal                                                      | Slice Load Count | Bel Load Count |
+------------------------------------+--------------------------------------------------------------------------------------------------------------------+-----------------------------------------------------------------------------------------------------------------------------+------------------+----------------+
|  sys_clk_IBUF                      |                                                                                                                    |                                                                                                                             |                1 |              1 |
|  clock1/inst/clk_out2              | uart/inst/upg_inst/upg_done_o_i_1_n_0                                                                              | uart_rst                                                                                                                    |                1 |              1 |
|  uart/inst/upg_inst/rdStat_BUFG    | uart/inst/upg_inst/upg_wen_o2_out                                                                                  | uart_rst                                                                                                                    |                1 |              1 |
|  Ifetch/instruction_memory_i_1_n_0 |                                                                                                                    |                                                                                                                             |                2 |              2 |
| ~clock1/inst/clk_out1              |                                                                                                                    |                                                                                                                             |                1 |              2 |
|  uart/inst/upg_inst/rdStat_BUFG    |                                                                                                                    | uart_rst                                                                                                                    |                2 |              2 |
|  clock1/inst/clk_out2              | uart/inst/upg_inst/s_axi_wdata                                                                                     |                                                                                                                             |                2 |              3 |
|  dmemory/data_memory_i_1_n_0       |                                                                                                                    |                                                                                                                             |                1 |              4 |
| ~clock1/inst/clk_out1              | Ifetch/pc[31]_i_2_n_0                                                                                              | decoder/SR[0]                                                                                                               |                3 |              4 |
|  clock1/inst/clk_out2              | uart/inst/upg_inst/s_axi_wdata                                                                                     | uart/inst/upg_inst/s_axi_wdata[6]_i_1_n_0                                                                                   |                2 |              4 |
|  clock1/inst/clk_out2              | uart/inst/upg_inst/axi_uart_inst/U0/AXI_LITE_IPIF_I/I_SLAVE_ATTACHMENT/start2                                      | uart/inst/upg_inst/axi_uart_inst/U0/AXI_LITE_IPIF_I/I_SLAVE_ATTACHMENT/I_DECODER/cs_ce_clr                                  |                1 |              4 |
|  clock1/inst/clk_out2              | uart/inst/upg_inst/axi_uart_inst/U0/UARTLITE_CORE_I/BAUD_RATE_I/en_16x_Baud                                        |                                                                                                                             |                2 |              4 |
|  RegWrite_BUFG                     |                                                                                                                    |                                                                                                                             |                3 |              5 |
|  clock1/inst/clk_out2              |                                                                                                                    | uart/inst/upg_inst/axi_uart_inst/U0/UARTLITE_CORE_I/UARTLITE_RX_I/SRL_FIFO_I/I_SRL_FIFO_RBU_F/CNTR_INCR_DECR_ADDN_F_I/SS[0] |                2 |              6 |
|  clock1/inst/clk_out2              |                                                                                                                    | uart/inst/upg_inst/axi_uart_inst/U0/UARTLITE_CORE_I/UARTLITE_TX_I/SRL_FIFO_I/I_SRL_FIFO_RBU_F/CNTR_INCR_DECR_ADDN_F_I/SS[0] |                2 |              6 |
|  clock1/inst/clk_out2              | uart/inst/upg_inst/axi_uart_inst/U0/AXI_LITE_IPIF_I/I_SLAVE_ATTACHMENT/I_DECODER/fifo_wr                           |                                                                                                                             |                1 |              7 |
|  clock1/inst/clk_out2              |                                                                                                                    | uart/inst/upg_inst/axi_uart_inst/U0/AXI_LITE_IPIF_I/I_SLAVE_ATTACHMENT/rst                                                  |                3 |              8 |
|  clock1/inst/clk_out2              | uart/inst/upg_inst/uart_rdat                                                                                       |                                                                                                                             |                1 |              8 |
|  clock1/inst/clk_out2              | uart/inst/upg_inst/axi_uart_inst/U0/AXI_LITE_IPIF_I/I_SLAVE_ATTACHMENT/s_axi_rdata_i                               | uart/inst/upg_inst/axi_uart_inst/U0/AXI_LITE_IPIF_I/I_SLAVE_ATTACHMENT/rst                                                  |                3 |              8 |
|  clock1/inst/clk_out2              | uart/inst/upg_inst/axi_uart_inst/U0/UARTLITE_CORE_I/UARTLITE_RX_I/SRL_FIFO_I/I_SRL_FIFO_RBU_F/DYNSHREG_F_I/fifo_wr |                                                                                                                             |                1 |              8 |
|  clock1/inst/clk_out2              | uart/inst/upg_inst/msg_indx[7]_i_1_n_0                                                                             | uart_rst                                                                                                                    |                4 |              8 |
|  uart/inst/upg_inst/rdStat_BUFG    | uart/inst/upg_inst/s_axi_aresetn0                                                                                  | uart_rst                                                                                                                    |                3 |              8 |
|  uart/inst/upg_inst/rdStat_BUFG    | uart/inst/upg_inst/byte_len[7]_i_1_n_0                                                                             | uart_rst                                                                                                                    |                2 |              9 |
|  clock1/inst/clk_out2              | uart/inst/upg_inst/axi_uart_inst/U0/UARTLITE_CORE_I/BAUD_RATE_I/en_16x_Baud                                        | uart_rst                                                                                                                    |                2 |             10 |
|  Ifetch/E[0]                       |                                                                                                                    | decoder/SR[0]                                                                                                               |                8 |             16 |
|  clock1/inst/clk_out2              | uart/inst/upg_inst/wwait_cnt[15]_i_1_n_0                                                                           | uart_rst                                                                                                                    |                5 |             16 |
|  clock1/inst/clk_out2              | uart/inst/upg_inst/rwait_cnt[15]_i_1_n_0                                                                           | uart_rst                                                                                                                    |                4 |             16 |
|  Ifetch/register_reg[0][18]_0[0]   |                                                                                                                    | decoder/SR[0]                                                                                                               |                6 |             19 |
|  clock1/inst/clk_out2              |                                                                                                                    |                                                                                                                             |                9 |             20 |
| ~clock1/inst/clk_out1              |                                                                                                                    | decoder/SR[0]                                                                                                               |                9 |             26 |
|  clock1/inst/clk_out1              | decoder/register[16][31]_i_1_n_0                                                                                   | decoder/SR[0]                                                                                                               |               18 |             32 |
|  clock1/inst/clk_out1              | decoder/register[17][31]_i_1_n_0                                                                                   | decoder/SR[0]                                                                                                               |               17 |             32 |
|  clock1/inst/clk_out1              | decoder/register[18][31]_i_1_n_0                                                                                   | decoder/SR[0]                                                                                                               |               14 |             32 |
|  clock1/inst/clk_out1              | decoder/register[19][31]_i_1_n_0                                                                                   | decoder/SR[0]                                                                                                               |               11 |             32 |
|  clock1/inst/clk_out1              | decoder/register[1][31]_i_1_n_0                                                                                    | decoder/SR[0]                                                                                                               |               14 |             32 |
|  clock1/inst/clk_out1              | decoder/register[20][31]_i_1_n_0                                                                                   | decoder/SR[0]                                                                                                               |               17 |             32 |
|  clock1/inst/clk_out1              | decoder/register[24][31]_i_1_n_0                                                                                   | decoder/SR[0]                                                                                                               |               16 |             32 |
|  clock1/inst/clk_out1              | decoder/register[7][31]_i_1_n_0                                                                                    | decoder/SR[0]                                                                                                               |               21 |             32 |
|  clock1/inst/clk_out1              | decoder/register[30][31]_i_1_n_0                                                                                   | decoder/SR[0]                                                                                                               |               24 |             32 |
|  clock1/inst/clk_out1              | decoder/register[28][31]_i_1_n_0                                                                                   | decoder/SR[0]                                                                                                               |               22 |             32 |
|  clock1/inst/clk_out1              | decoder/register[22][31]_i_1_n_0                                                                                   | decoder/SR[0]                                                                                                               |               15 |             32 |
|  clock1/inst/clk_out1              | decoder/register[6][31]_i_1_n_0                                                                                    | decoder/SR[0]                                                                                                               |               20 |             32 |
|  clock1/inst/clk_out1              | decoder/register[9][31]_i_1_n_0                                                                                    | decoder/SR[0]                                                                                                               |               26 |             32 |
|  clock1/inst/clk_out1              | decoder/register[25][31]_i_1_n_0                                                                                   | decoder/SR[0]                                                                                                               |               10 |             32 |
|  clock1/inst/clk_out1              | decoder/register[21][31]_i_1_n_0                                                                                   | decoder/SR[0]                                                                                                               |               13 |             32 |
|  clock1/inst/clk_out1              | decoder/register[29][31]_i_1_n_0                                                                                   | decoder/SR[0]                                                                                                               |               15 |             32 |
|  clock1/inst/clk_out1              | decoder/register[8][31]_i_1_n_0                                                                                    | decoder/SR[0]                                                                                                               |               25 |             32 |
|  clock1/inst/clk_out1              | decoder/register[4][31]_i_1_n_0                                                                                    | decoder/SR[0]                                                                                                               |               14 |             32 |
|  clock1/inst/clk_out1              | decoder/register[2][31]_i_1_n_0                                                                                    | decoder/SR[0]                                                                                                               |               18 |             32 |
|  clock1/inst/clk_out1              | decoder/register[27][31]_i_1_n_0                                                                                   | decoder/SR[0]                                                                                                               |               19 |             32 |
|  clock1/inst/clk_out1              | decoder/register[26][31]_i_1_n_0                                                                                   | decoder/SR[0]                                                                                                               |               13 |             32 |
|  clock1/inst/clk_out1              | decoder/register[31][31]_i_1_n_0                                                                                   | decoder/SR[0]                                                                                                               |               25 |             32 |
|  clock1/inst/clk_out1              | decoder/register[5][31]_i_1_n_0                                                                                    | decoder/SR[0]                                                                                                               |               18 |             32 |
|  clock1/inst/clk_out1              | decoder/register[23][31]_i_1_n_0                                                                                   | decoder/SR[0]                                                                                                               |               21 |             32 |
|  clock1/inst/clk_out1              | decoder/register[11][31]_i_1_n_0                                                                                   | decoder/SR[0]                                                                                                               |               16 |             32 |
|  clock1/inst/clk_out1              | decoder/register[10][31]_i_1_n_0                                                                                   | decoder/SR[0]                                                                                                               |               15 |             32 |
| ~clock1/inst/clk_out1              | Ifetch/link_addr[31]_i_1_n_0                                                                                       |                                                                                                                             |               15 |             32 |
|  clock1/inst/clk_out1              | decoder/register[3][31]_i_1_n_0                                                                                    | decoder/SR[0]                                                                                                               |               16 |             32 |
|  clock1/inst/clk_out1              | decoder/register[12][31]_i_1_n_0                                                                                   | decoder/SR[0]                                                                                                               |               18 |             32 |
|  clock1/inst/clk_out1              | decoder/register[13][31]_i_1_n_0                                                                                   | decoder/SR[0]                                                                                                               |               13 |             32 |
|  clock1/inst/clk_out1              | decoder/register[14][31]_i_1_n_0                                                                                   | decoder/SR[0]                                                                                                               |               17 |             32 |
|  clock1/inst/clk_out1              | decoder/register[15][31]_i_1_n_0                                                                                   | decoder/SR[0]                                                                                                               |               20 |             32 |
|  clock1/inst/clk_out2              |                                                                                                                    | uart_rst                                                                                                                    |               11 |             33 |
|  uart/inst/upg_inst/rdStat_BUFG    | uart/inst/upg_inst/byte_num                                                                                        | uart_rst                                                                                                                    |                7 |             36 |
|  uart/inst/upg_inst/rdStat_BUFG    | uart/inst/upg_inst/upg_adr_o[14]_i_1_n_0                                                                           | uart_rst                                                                                                                    |               17 |             47 |
|  uart/inst/upg_inst/rdStat_BUFG    | uart/inst/upg_inst/wr_byte_num_done                                                                                | uart_rst                                                                                                                    |               14 |             49 |
|  uart/inst/upg_inst/rdStat_BUFG    | uart/inst/upg_inst/byte_cnt                                                                                        | uart_rst                                                                                                                    |               13 |             56 |
+------------------------------------+--------------------------------------------------------------------------------------------------------------------+-----------------------------------------------------------------------------------------------------------------------------+------------------+----------------+


+--------+-----------------------+
| Fanout | Number of ControlSets |
+--------+-----------------------+
| 1      |                     3 |
| 2      |                     3 |
| 3      |                     1 |
| 4      |                     5 |
| 5      |                     1 |
| 6      |                     2 |
| 7      |                     1 |
| 8      |                     6 |
| 9      |                     1 |
| 10     |                     1 |
| 16+    |                    43 |
+--------+-----------------------+


