#-----------------------------------------------------------
# Vivado v2017.4 (64-bit)
# SW Build 2086221 on Fri Dec 15 20:55:39 MST 2017
# IP Build 2085800 on Fri Dec 15 22:25:07 MST 2017
# Start of session at: Sat May 27 14:07:49 2023
# Process ID: 21208
# Current directory: E:/Learning/ComputerOrganization/project/code/cs202-CPU
# Command line: vivado.exe -gui_launcher_event rodinguilauncherevent23780 E:\Learning\ComputerOrganization\project\code\cs202-CPU\project_1.xpr
# Log file: E:/Learning/ComputerOrganization/project/code/cs202-CPU/vivado.log
# Journal file: E:/Learning/ComputerOrganization/project/code/cs202-CPU\vivado.jou
#-----------------------------------------------------------
start_gui
open_project E:/Learning/ComputerOrganization/project/code/cs202-CPU/project_1.xpr
Scanning sources...
Finished scanning sources
INFO: [IP_Flow 19-234] Refreshing IP repositories
INFO: [IP_Flow 19-1700] Loaded user IP repository 'e:/Learning/ComputerOrganization/project/code/cs202-CPU/project_1.srcs/sources_1/ip/SEU_CSE_507_user_uart_bmpg_1.3'.
INFO: [IP_Flow 19-2313] Loaded Vivado IP repository 'E:/Vivado/Vivado/2017.4/data/ip'.
update_compile_order -fileset sources_1
INFO: [Device 21-403] Loading part xc7a100tfgg484-1
WARNING: [IP_Flow 19-4067] Ignoring invalid widget type specified checkbox.Providing a default widget
WARNING: [IP_Flow 19-4067] Ignoring invalid widget type specified checkbox.Providing a default widget
set_property -dict [list CONFIG.Coe_File {e:/Learning/ComputerOrganization/project/code/cs202-CPU/project_1.srcs/sources_1/ip/programrom/prgmip32.coe}] [get_ips programrom]
INFO: [IP_Flow 19-3484] Absolute path of file 'e:/Learning/ComputerOrganization/project/code/cs202-CPU/project_1.srcs/sources_1/ip/programrom/prgmip32.coe' provided. It will be converted relative to IP Instance files 'prgmip32.coe'
generate_target all [get_files  E:/Learning/ComputerOrganization/project/code/cs202-CPU/project_1.srcs/sources_1/ip/programrom/programrom.xci]
INFO: [IP_Flow 19-1686] Generating 'Instantiation Template' target for IP 'programrom'...
INFO: [IP_Flow 19-1686] Generating 'Synthesis' target for IP 'programrom'...
INFO: [IP_Flow 19-1686] Generating 'Simulation' target for IP 'programrom'...
INFO: [IP_Flow 19-1686] Generating 'Miscellaneous' target for IP 'programrom'...
INFO: [IP_Flow 19-1686] Generating 'Change Log' target for IP 'programrom'...
catch { config_ip_cache -export [get_ips -all programrom] }
export_ip_user_files -of_objects [get_files E:/Learning/ComputerOrganization/project/code/cs202-CPU/project_1.srcs/sources_1/ip/programrom/programrom.xci] -no_script -sync -force -quiet
reset_run programrom_synth_1
launch_runs -jobs 8 programrom_synth_1
[Sat May 27 14:09:42 2023] Launched programrom_synth_1...
Run output will be captured here: E:/Learning/ComputerOrganization/project/code/cs202-CPU/project_1.runs/programrom_synth_1/runme.log
export_simulation -of_objects [get_files E:/Learning/ComputerOrganization/project/code/cs202-CPU/project_1.srcs/sources_1/ip/programrom/programrom.xci] -directory E:/Learning/ComputerOrganization/project/code/cs202-CPU/project_1.ip_user_files/sim_scripts -ip_user_files_dir E:/Learning/ComputerOrganization/project/code/cs202-CPU/project_1.ip_user_files -ipstatic_source_dir E:/Learning/ComputerOrganization/project/code/cs202-CPU/project_1.ip_user_files/ipstatic -lib_map_path [list {modelsim=E:/Learning/ComputerOrganization/project/code/cs202-CPU/project_1.cache/compile_simlib/modelsim} {questa=E:/Learning/ComputerOrganization/project/code/cs202-CPU/project_1.cache/compile_simlib/questa} {riviera=E:/Learning/ComputerOrganization/project/code/cs202-CPU/project_1.cache/compile_simlib/riviera} {activehdl=E:/Learning/ComputerOrganization/project/code/cs202-CPU/project_1.cache/compile_simlib/activehdl}] -use_ip_compiled_libs -force -quiet
reset_run synth_1
WARNING: [Vivado 12-1017] Problems encountered:
1. Failed to delete one or more files in run directory E:/Learning/ComputerOrganization/project/code/cs202-CPU/project_1.runs/synth_1

launch_runs synth_1 -jobs 8
[Sat May 27 14:09:53 2023] Launched programrom_synth_1...
Run output will be captured here: E:/Learning/ComputerOrganization/project/code/cs202-CPU/project_1.runs/programrom_synth_1/runme.log
[Sat May 27 14:09:53 2023] Launched synth_1...
Run output will be captured here: E:/Learning/ComputerOrganization/project/code/cs202-CPU/project_1.runs/synth_1/runme.log
launch_runs impl_1 -jobs 8
[Sat May 27 14:12:51 2023] Launched impl_1...
Run output will be captured here: E:/Learning/ComputerOrganization/project/code/cs202-CPU/project_1.runs/impl_1/runme.log
launch_runs impl_1 -to_step write_bitstream -jobs 8
[Sat May 27 14:14:36 2023] Launched impl_1...
Run output will be captured here: E:/Learning/ComputerOrganization/project/code/cs202-CPU/project_1.runs/impl_1/runme.log
open_hw
connect_hw_server
INFO: [Labtools 27-2285] Connecting to hw_server url TCP:localhost:3121
INFO: [Labtools 27-2222] Launching hw_server...
INFO: [Labtools 27-2221] Launch Output:

****** Xilinx hw_server v2017.4
  **** Build date : Dec 15 2017-21:08:27
    ** Copyright 1986-2017 Xilinx, Inc. All Rights Reserved.


open_hw_target
INFO: [Labtoolstcl 44-466] Opening hw_target localhost:3121/xilinx_tcf/Xilinx/1234-tulA
set_property PROGRAM.FILE {E:/Learning/ComputerOrganization/project/code/cs202-CPU/project_1.runs/impl_1/top.bit} [get_hw_devices xc7a100t_0]
current_hw_device [get_hw_devices xc7a100t_0]
refresh_hw_device -update_hw_probes false [lindex [get_hw_devices xc7a100t_0] 0]
INFO: [Labtools 27-1435] Device xc7a100t (JTAG device index = 0) is not programmed (DONE status = 0).
set_property PROBES.FILE {} [get_hw_devices xc7a100t_0]
set_property FULL_PROBES.FILE {} [get_hw_devices xc7a100t_0]
set_property PROGRAM.FILE {E:/Learning/ComputerOrganization/project/code/cs202-CPU/project_1.runs/impl_1/top.bit} [get_hw_devices xc7a100t_0]
program_hw_devices [get_hw_devices xc7a100t_0]
INFO: [Labtools 27-3164] End of startup status: HIGH
refresh_hw_device [lindex [get_hw_devices xc7a100t_0] 0]
INFO: [Labtools 27-1434] Device xc7a100t (JTAG device index = 0) is programmed with a design that has no supported debug core(s) in it.
WARNING: [Labtools 27-3361] The debug hub core was not detected.
Resolution: 
1. Make sure the clock connected to the debug hub (dbg_hub) core is a free running clock and is active.
2. Make sure the BSCAN_SWITCH_USER_MASK device property in Vivado Hardware Manager reflects the user scan chain setting in the design and refresh the device.  To determine the user scan chain setting in the design, open the implemented design and use 'get_property C_USER_SCAN_CHAIN [get_debug_cores dbg_hub]'.
For more details on setting the scan chain property, consult the Vivado Debug and Programming User Guide (UG908).
WARNING: [IP_Flow 19-4067] Ignoring invalid widget type specified checkbox.Providing a default widget
WARNING: [IP_Flow 19-4067] Ignoring invalid widget type specified checkbox.Providing a default widget
set_property -dict [list CONFIG.Coe_File {e:/Learning/ComputerOrganization/project/code/cs202-CPU/project_1.srcs/sources_1/ip/programrom/prgmip32.coe}] [get_ips programrom]
INFO: [IP_Flow 19-3484] Absolute path of file 'e:/Learning/ComputerOrganization/project/code/cs202-CPU/project_1.srcs/sources_1/ip/programrom/prgmip32.coe' provided. It will be converted relative to IP Instance files 'prgmip32.coe'
generate_target all [get_files  E:/Learning/ComputerOrganization/project/code/cs202-CPU/project_1.srcs/sources_1/ip/programrom/programrom.xci]
INFO: [IP_Flow 19-1686] Generating 'Instantiation Template' target for IP 'programrom'...
INFO: [IP_Flow 19-1686] Generating 'Synthesis' target for IP 'programrom'...
INFO: [IP_Flow 19-1686] Generating 'Simulation' target for IP 'programrom'...
INFO: [IP_Flow 19-1686] Generating 'Miscellaneous' target for IP 'programrom'...
INFO: [IP_Flow 19-1686] Generating 'Change Log' target for IP 'programrom'...
catch { config_ip_cache -export [get_ips -all programrom] }
export_ip_user_files -of_objects [get_files E:/Learning/ComputerOrganization/project/code/cs202-CPU/project_1.srcs/sources_1/ip/programrom/programrom.xci] -no_script -sync -force -quiet
reset_run programrom_synth_1
launch_runs -jobs 8 programrom_synth_1
[Sat May 27 14:41:01 2023] Launched programrom_synth_1...
Run output will be captured here: E:/Learning/ComputerOrganization/project/code/cs202-CPU/project_1.runs/programrom_synth_1/runme.log
export_simulation -of_objects [get_files E:/Learning/ComputerOrganization/project/code/cs202-CPU/project_1.srcs/sources_1/ip/programrom/programrom.xci] -directory E:/Learning/ComputerOrganization/project/code/cs202-CPU/project_1.ip_user_files/sim_scripts -ip_user_files_dir E:/Learning/ComputerOrganization/project/code/cs202-CPU/project_1.ip_user_files -ipstatic_source_dir E:/Learning/ComputerOrganization/project/code/cs202-CPU/project_1.ip_user_files/ipstatic -lib_map_path [list {modelsim=E:/Learning/ComputerOrganization/project/code/cs202-CPU/project_1.cache/compile_simlib/modelsim} {questa=E:/Learning/ComputerOrganization/project/code/cs202-CPU/project_1.cache/compile_simlib/questa} {riviera=E:/Learning/ComputerOrganization/project/code/cs202-CPU/project_1.cache/compile_simlib/riviera} {activehdl=E:/Learning/ComputerOrganization/project/code/cs202-CPU/project_1.cache/compile_simlib/activehdl}] -use_ip_compiled_libs -force -quiet
reset_run synth_1
launch_runs synth_1 -jobs 8
[Sat May 27 14:45:44 2023] Launched synth_1...
Run output will be captured here: E:/Learning/ComputerOrganization/project/code/cs202-CPU/project_1.runs/synth_1/runme.log
launch_runs impl_1 -jobs 8
[Sat May 27 14:50:59 2023] Launched impl_1...
Run output will be captured here: E:/Learning/ComputerOrganization/project/code/cs202-CPU/project_1.runs/impl_1/runme.log
launch_runs impl_1 -to_step write_bitstream -jobs 8
[Sat May 27 14:54:13 2023] Launched impl_1...
Run output will be captured here: E:/Learning/ComputerOrganization/project/code/cs202-CPU/project_1.runs/impl_1/runme.log
set_property PROBES.FILE {} [get_hw_devices xc7a100t_0]
set_property FULL_PROBES.FILE {} [get_hw_devices xc7a100t_0]
set_property PROGRAM.FILE {E:/Learning/ComputerOrganization/project/code/cs202-CPU/project_1.runs/impl_1/top.bit} [get_hw_devices xc7a100t_0]
program_hw_devices [get_hw_devices xc7a100t_0]
INFO: [Labtools 27-3164] End of startup status: HIGH
refresh_hw_device [lindex [get_hw_devices xc7a100t_0] 0]
INFO: [Labtools 27-1434] Device xc7a100t (JTAG device index = 0) is programmed with a design that has no supported debug core(s) in it.
WARNING: [Labtools 27-3361] The debug hub core was not detected.
Resolution: 
1. Make sure the clock connected to the debug hub (dbg_hub) core is a free running clock and is active.
2. Make sure the BSCAN_SWITCH_USER_MASK device property in Vivado Hardware Manager reflects the user scan chain setting in the design and refresh the device.  To determine the user scan chain setting in the design, open the implemented design and use 'get_property C_USER_SCAN_CHAIN [get_debug_cores dbg_hub]'.
For more details on setting the scan chain property, consult the Vivado Debug and Programming User Guide (UG908).
reset_run synth_1
launch_runs synth_1 -jobs 8
[Sat May 27 15:13:39 2023] Launched synth_1...
Run output will be captured here: E:/Learning/ComputerOrganization/project/code/cs202-CPU/project_1.runs/synth_1/runme.log
launch_runs impl_1 -jobs 8
[Sat May 27 15:15:57 2023] Launched impl_1...
Run output will be captured here: E:/Learning/ComputerOrganization/project/code/cs202-CPU/project_1.runs/impl_1/runme.log
launch_runs impl_1 -to_step write_bitstream -jobs 8
[Sat May 27 15:17:26 2023] Launched impl_1...
Run output will be captured here: E:/Learning/ComputerOrganization/project/code/cs202-CPU/project_1.runs/impl_1/runme.log
set_property PROBES.FILE {} [get_hw_devices xc7a100t_0]
set_property FULL_PROBES.FILE {} [get_hw_devices xc7a100t_0]
set_property PROGRAM.FILE {E:/Learning/ComputerOrganization/project/code/cs202-CPU/project_1.runs/impl_1/top.bit} [get_hw_devices xc7a100t_0]
program_hw_devices [get_hw_devices xc7a100t_0]
INFO: [Labtools 27-3164] End of startup status: HIGH
refresh_hw_device [lindex [get_hw_devices xc7a100t_0] 0]
INFO: [Labtools 27-1434] Device xc7a100t (JTAG device index = 0) is programmed with a design that has no supported debug core(s) in it.
WARNING: [Labtools 27-3361] The debug hub core was not detected.
Resolution: 
1. Make sure the clock connected to the debug hub (dbg_hub) core is a free running clock and is active.
2. Make sure the BSCAN_SWITCH_USER_MASK device property in Vivado Hardware Manager reflects the user scan chain setting in the design and refresh the device.  To determine the user scan chain setting in the design, open the implemented design and use 'get_property C_USER_SCAN_CHAIN [get_debug_cores dbg_hub]'.
For more details on setting the scan chain property, consult the Vivado Debug and Programming User Guide (UG908).
WARNING: [IP_Flow 19-4067] Ignoring invalid widget type specified checkbox.Providing a default widget
WARNING: [IP_Flow 19-4067] Ignoring invalid widget type specified checkbox.Providing a default widget
set_property -dict [list CONFIG.Coe_File {e:/Learning/ComputerOrganization/project/code/cs202-CPU/project_1.srcs/sources_1/ip/programrom/prgmip32.coe}] [get_ips programrom]
INFO: [IP_Flow 19-3484] Absolute path of file 'e:/Learning/ComputerOrganization/project/code/cs202-CPU/project_1.srcs/sources_1/ip/programrom/prgmip32.coe' provided. It will be converted relative to IP Instance files 'prgmip32.coe'
generate_target all [get_files  E:/Learning/ComputerOrganization/project/code/cs202-CPU/project_1.srcs/sources_1/ip/programrom/programrom.xci]
INFO: [IP_Flow 19-1686] Generating 'Instantiation Template' target for IP 'programrom'...
INFO: [IP_Flow 19-1686] Generating 'Synthesis' target for IP 'programrom'...
INFO: [IP_Flow 19-1686] Generating 'Simulation' target for IP 'programrom'...
INFO: [IP_Flow 19-1686] Generating 'Miscellaneous' target for IP 'programrom'...
INFO: [IP_Flow 19-1686] Generating 'Change Log' target for IP 'programrom'...
catch { config_ip_cache -export [get_ips -all programrom] }
INFO: [IP_Flow 19-4993] Using cached IP synthesis design for IP programrom, cache-ID = d6a001c5276d5f08; cache size = 13.804 MB.
catch { [ delete_ip_run [get_ips -all programrom] ] }
INFO: [Project 1-386] Moving file 'E:/Learning/ComputerOrganization/project/code/cs202-CPU/project_1.srcs/sources_1/ip/programrom/programrom.xci' from fileset 'programrom' to fileset 'sources_1'.
export_ip_user_files -of_objects [get_files E:/Learning/ComputerOrganization/project/code/cs202-CPU/project_1.srcs/sources_1/ip/programrom/programrom.xci] -no_script -sync -force -quiet
create_ip_run [get_files -of_objects [get_fileset sources_1] E:/Learning/ComputerOrganization/project/code/cs202-CPU/project_1.srcs/sources_1/ip/programrom/programrom.xci]
INFO: [Vivado 12-3453] The given sub-design is up-to-date, no action was taken.  If a run is still desired, use the '-force' option for the file:'E:/Learning/ComputerOrganization/project/code/cs202-CPU/project_1.srcs/sources_1/ip/programrom/programrom.xci'
export_simulation -of_objects [get_files E:/Learning/ComputerOrganization/project/code/cs202-CPU/project_1.srcs/sources_1/ip/programrom/programrom.xci] -directory E:/Learning/ComputerOrganization/project/code/cs202-CPU/project_1.ip_user_files/sim_scripts -ip_user_files_dir E:/Learning/ComputerOrganization/project/code/cs202-CPU/project_1.ip_user_files -ipstatic_source_dir E:/Learning/ComputerOrganization/project/code/cs202-CPU/project_1.ip_user_files/ipstatic -lib_map_path [list {modelsim=E:/Learning/ComputerOrganization/project/code/cs202-CPU/project_1.cache/compile_simlib/modelsim} {questa=E:/Learning/ComputerOrganization/project/code/cs202-CPU/project_1.cache/compile_simlib/questa} {riviera=E:/Learning/ComputerOrganization/project/code/cs202-CPU/project_1.cache/compile_simlib/riviera} {activehdl=E:/Learning/ComputerOrganization/project/code/cs202-CPU/project_1.cache/compile_simlib/activehdl}] -use_ip_compiled_libs -force -quiet
update_compile_order -fileset sources_1
reset_run synth_1
launch_runs synth_1 -jobs 8
INFO: [Vivado 12-4149] The synthesis checkpoint for IP 'E:/Learning/ComputerOrganization/project/code/cs202-CPU/project_1.srcs/sources_1/ip/programrom/programrom.xci' is already up-to-date
[Sat May 27 15:37:19 2023] Launched synth_1...
Run output will be captured here: E:/Learning/ComputerOrganization/project/code/cs202-CPU/project_1.runs/synth_1/runme.log
launch_runs impl_1 -jobs 8
INFO: [Vivado 12-4149] The synthesis checkpoint for IP 'E:/Learning/ComputerOrganization/project/code/cs202-CPU/project_1.srcs/sources_1/ip/programrom/programrom.xci' is already up-to-date
[Sat May 27 15:38:52 2023] Launched impl_1...
Run output will be captured here: E:/Learning/ComputerOrganization/project/code/cs202-CPU/project_1.runs/impl_1/runme.log
launch_runs impl_1 -to_step write_bitstream -jobs 8
INFO: [Vivado 12-4149] The synthesis checkpoint for IP 'E:/Learning/ComputerOrganization/project/code/cs202-CPU/project_1.srcs/sources_1/ip/programrom/programrom.xci' is already up-to-date
[Sat May 27 15:40:26 2023] Launched impl_1...
Run output will be captured here: E:/Learning/ComputerOrganization/project/code/cs202-CPU/project_1.runs/impl_1/runme.log
set_property PROBES.FILE {} [get_hw_devices xc7a100t_0]
set_property FULL_PROBES.FILE {} [get_hw_devices xc7a100t_0]
set_property PROGRAM.FILE {E:/Learning/ComputerOrganization/project/code/cs202-CPU/project_1.runs/impl_1/top.bit} [get_hw_devices xc7a100t_0]
program_hw_devices [get_hw_devices xc7a100t_0]
INFO: [Labtools 27-3164] End of startup status: HIGH
refresh_hw_device [lindex [get_hw_devices xc7a100t_0] 0]
INFO: [Labtools 27-1434] Device xc7a100t (JTAG device index = 0) is programmed with a design that has no supported debug core(s) in it.
WARNING: [Labtools 27-3361] The debug hub core was not detected.
Resolution: 
1. Make sure the clock connected to the debug hub (dbg_hub) core is a free running clock and is active.
2. Make sure the BSCAN_SWITCH_USER_MASK device property in Vivado Hardware Manager reflects the user scan chain setting in the design and refresh the device.  To determine the user scan chain setting in the design, open the implemented design and use 'get_property C_USER_SCAN_CHAIN [get_debug_cores dbg_hub]'.
For more details on setting the scan chain property, consult the Vivado Debug and Programming User Guide (UG908).
exit
INFO: [Common 17-206] Exiting Vivado at Sat May 27 15:50:18 2023...
