Exception at PC 0x00007FFCC100CB69
Exception at PC 0x00007FFCC100CB69
Exception at PC 0x00007FFCC100CB69
Exception at PC 0x00007FFCC100CB69
Exception at PC 0x00007FFCC100CB69
Exception at PC 0x00007FFCC100CB69
Exception at PC 0x00007FFCC100CB69
Exception at PC 0x00007FFCC100CB69
Exception at PC 0x00007FFCC100CB69
Exception at PC 0x00007FFCC100CB69
Exception at PC 0x00007FFCC100CB69
Exception at PC 0x00007FFCC100CB69
Exception at PC 0x00007FFCC100CB69
Exception at PC 0x00007FFCC100CB69
Exception at PC 0x00007FFCC100CB69
Exception at PC 0x00007FFC3ED9E132
Attemped to write at address 0x00007FFC3DE34AA4
Printing stacktrace...

[0]  [0x00007FFC3ED9E132]
[1]  [0x00007FFC3ED9E132]
[2]  [0x00007FFC3ED9E194]
[3]  [0x00007FFC3E9ED0D7]
[4]  [0x00007FFC3E8D2BCA]
[5]  [0x00007FFC3E8D2FD1]
[6]  [0x00007FFC3ED9EB2F]
[7]  [0x00007FFC3EC5C19D]
[8]  [0x00007FFC3EC55942]
[9]  [0x00007FFC3EC55AB5]
[10] (RtlActivateActivationContextUnsafeFast+0x11d) [0x00007FFCC38E9A1D]
[11] (LdrShutdownProcess+0x24c) [0x00007FFCC392DCEC]
[12] (RtlExitUserProcess+0xad) [0x00007FFCC392DA7D]
[13] (FatalExit+0xb) [0x00007FFCC2B4E80B]
[14] (exit+0x85) [0x00007FFCC21AA155]
[15] (initterm_e+0x245) [0x00007FFCC21AA7C5]
[16]  [0x00000000004014CD]
[17]  [0x000000000040151B]
[18] (BaseThreadInitThunk+0x14) [0x00007FFCC2B47604]
[19] (RtlUserThreadStart+0x21) [0x00007FFCC39226A1]
Done
